<?xml version="1.0" encoding="UTF-8"?>
<testsuite xmlns:xsi="http://www.w3.org/2001/XMLSchema-instance" xsi:schemaLocation="https://maven.apache.org/surefire/maven-surefire-plugin/xsd/surefire-test-report.xsd" name="TestSuite" time="847.751" tests="16" errors="0" skipped="0" failures="3">
  <properties>
[...]
</properties>
  <testcase name="testCase003_MainPageElements" classname="executionScript.TestCase003_MainPageElements" time="47.185">
    <failure message="expected [Accessories] but found []" type="java.lang.AssertionError">java.lang.AssertionError: expected [Accessories] but found []
	at executionScript.TestCase003_MainPageElements.testCase003_MainPageElements(TestCase003_MainPageElements.java:17)
</failure>
    <system-out><![CDATA[TestCase003_MainPageElements:
-----------------------------------------------------
]]></system-out>
  </testcase>
  <testcase name="testCase004_BrowseAccessoriesListView" classname="executionScript.TestCase004_BrowseAccessories" time="136.928">
    <failure message="Timed out after 15 seconds waiting for visibility of [[FirefoxDriver: firefox on WINDOWS (21e01337-ad70-46bb-a555-44c3955c014b)] -&gt; class name: pp_previous]&#10;Build info: version: &apos;2.52.0&apos;, revision: &apos;4c2593cfc3689a7fcd7be52549167e5ccc93ad28&apos;, time: &apos;2016-02-11 11:22:43&apos;&#10;System info: host: &apos;VAIO&apos;, ip: &apos;192.168.1.68&apos;, os.name: &apos;Windows 8.1&apos;, os.arch: &apos;amd64&apos;, os.version: &apos;6.3&apos;, java.version: &apos;1.7.0_79&apos;&#10;Session ID: 21e01337-ad70-46bb-a555-44c3955c014b&#10;Driver info: org.openqa.selenium.firefox.FirefoxDriver&#10;Capabilities [{platform=WINDOWS, acceptSslCerts=true, javascriptEnabled=true, cssSelectorsEnabled=true, databaseEnabled=true, browserName=firefox, handlesAlerts=true, nativeEvents=false, webStorageEnabled=true, rotatable=false, locationContextEnabled=true, applicationCacheEnabled=true, takesScreenshot=true, version=44.0.2}]" type="org.openqa.selenium.TimeoutException">org.openqa.selenium.TimeoutException: 
Timed out after 15 seconds waiting for visibility of [[FirefoxDriver: firefox on WINDOWS (21e01337-ad70-46bb-a555-44c3955c014b)] -> class name: pp_previous]
Build info: version: '2.52.0', revision: '4c2593cfc3689a7fcd7be52549167e5ccc93ad28', time: '2016-02-11 11:22:43'
System info: host: 'VAIO', ip: '192.168.1.68', os.name: 'Windows 8.1', os.arch: 'amd64', os.version: '6.3', java.version: '1.7.0_79'
Session ID: 21e01337-ad70-46bb-a555-44c3955c014b
Driver info: org.openqa.selenium.firefox.FirefoxDriver
Capabilities [{platform=WINDOWS, acceptSslCerts=true, javascriptEnabled=true, cssSelectorsEnabled=true, databaseEnabled=true, browserName=firefox, handlesAlerts=true, nativeEvents=false, webStorageEnabled=true, rotatable=false, locationContextEnabled=true, applicationCacheEnabled=true, takesScreenshot=true, version=44.0.2}]
	at executionScript.TestCase004_BrowseAccessories.testCase004_BrowseAccessoriesListView(TestCase004_BrowseAccessories.java:20)
</failure>
    <system-out><![CDATA[TestCase004_BrowseAccessoriesListView:
-----------------------------------------------------
The value of CellData Magic Mouse
The value of CellData Apple TV
The value of CellData Sennheiser RS 120
The value of CellData Skullcandy PLYR 1 – Black
The value of CellData Apple 27 inch Thunderbolt Display
The value of CellData Asus MX239H 23-inch Widescreen AH
The value of CellData $150.00
The value of CellData $80.00
The value of CellData $50.00
The value of CellData $110.00
The value of CellData $764.00
The value of CellData $199.00
]]></system-out>
  </testcase>
  <testcase name="testCase004_BrowseAccessoriesGridView" classname="executionScript.TestCase004_BrowseAccessories" time="44.865"/>
  <testcase name="testCase005_BrowseiMacsListView" classname="executionScript.TestCase005_BrowseiMacs" time="42.679"/>
  <testcase name="testCase005_BrowseiMacsGridView" classname="executionScript.TestCase005_BrowseiMacs" time="21.02"/>
  <testcase name="testCase006_BrowseiPadsListView" classname="executionScript.TestCase006_BrowseiPads" time="105.247">
    <failure message="Timed out after 15 seconds waiting for visibility of [[FirefoxDriver: firefox on WINDOWS (de97a08b-7d09-4584-834e-7312ea816635)] -&gt; class name: pp_previous]&#10;Build info: version: &apos;2.52.0&apos;, revision: &apos;4c2593cfc3689a7fcd7be52549167e5ccc93ad28&apos;, time: &apos;2016-02-11 11:22:43&apos;&#10;System info: host: &apos;VAIO&apos;, ip: &apos;192.168.1.68&apos;, os.name: &apos;Windows 8.1&apos;, os.arch: &apos;amd64&apos;, os.version: &apos;6.3&apos;, java.version: &apos;1.7.0_79&apos;&#10;Session ID: de97a08b-7d09-4584-834e-7312ea816635&#10;Driver info: org.openqa.selenium.firefox.FirefoxDriver&#10;Capabilities [{platform=WINDOWS, acceptSslCerts=true, javascriptEnabled=true, cssSelectorsEnabled=true, databaseEnabled=true, browserName=firefox, handlesAlerts=true, nativeEvents=false, webStorageEnabled=true, rotatable=false, locationContextEnabled=true, applicationCacheEnabled=true, takesScreenshot=true, version=44.0.2}]" type="org.openqa.selenium.TimeoutException">org.openqa.selenium.TimeoutException: 
Timed out after 15 seconds waiting for visibility of [[FirefoxDriver: firefox on WINDOWS (de97a08b-7d09-4584-834e-7312ea816635)] -> class name: pp_previous]
Build info: version: '2.52.0', revision: '4c2593cfc3689a7fcd7be52549167e5ccc93ad28', time: '2016-02-11 11:22:43'
System info: host: 'VAIO', ip: '192.168.1.68', os.name: 'Windows 8.1', os.arch: 'amd64', os.version: '6.3', java.version: '1.7.0_79'
Session ID: de97a08b-7d09-4584-834e-7312ea816635
Driver info: org.openqa.selenium.firefox.FirefoxDriver
Capabilities [{platform=WINDOWS, acceptSslCerts=true, javascriptEnabled=true, cssSelectorsEnabled=true, databaseEnabled=true, browserName=firefox, handlesAlerts=true, nativeEvents=false, webStorageEnabled=true, rotatable=false, locationContextEnabled=true, applicationCacheEnabled=true, takesScreenshot=true, version=44.0.2}]
	at executionScript.TestCase006_BrowseiPads.testCase006_BrowseiPadsListView(TestCase006_BrowseiPads.java:20)
</failure>
    <system-out><![CDATA[TestCase006_BrowseiPadsListView:
-----------------------------------------------------
The value of CellData Magic Mouse
The value of CellData Apple iPad 2 16GB, Wi-Fi, 9.7in – Black
The value of CellData Apple iPad 6 32GB (White, 3D)
The value of CellData $150.00
The value of CellData $270.00
The value of CellData $680.00
]]></system-out>
  </testcase>
  <testcase name="testCase006_BrowseiPadsGridView" classname="executionScript.TestCase006_BrowseiPads" time="31.552"/>
  <testcase name="testCase007_BrowseiPhonesListView" classname="executionScript.TestCase007_BrowseiPhones" time="76.397"/>
  <testcase name="testCase007_BrowseiPhonesGridView" classname="executionScript.TestCase007_BrowseiPhones" time="25.795"/>
  <testcase name="testCase008_BrowseiPodsListView" classname="executionScript.TestCase008_BrowseiPods" time="45.412"/>
  <testcase name="testCase008_BrowseiPodsGridView" classname="executionScript.TestCase008_BrowseiPods" time="35.55"/>
  <testcase name="testCase009_BrowseMacBooksListView" classname="executionScript.TestCase009_BrowseMacBooks" time="49.457"/>
  <testcase name="testCase009_BrowseMacBooksGridView" classname="executionScript.TestCase009_BrowseMacBooks" time="25.731"/>
  <testcase name="testCase010_BuyOneProduct" classname="executionScript.TestCase010_BuyOneProduct" time="27.382"/>
  <testcase name="testCase011_BuySeveralProducts" classname="executionScript.TestCase011_BuySeveralProducts" time="52.892"/>
  <testcase name="testCase012_BuyAllProducts" classname="executionScript.TestCase012_BuyAllProducts" time="78.53"/>
</testsuite>