<?xml version="1.0" encoding="UTF-8"?>
<!-- Generated by org.testng.reporters.JUnitXMLReporter -->
<testsuite hostname="VAIO" name="Add to Carts" tests="3" failures="0" timestamp="21 Feb 2016 05:01:57 GMT" time="158.806" errors="0">
  <testcase name="testCase010_BuyOneProduct" time="27.381" classname="executionScript.TestCase010_BuyOneProduct"/>
  <testcase name="testCase011_BuySeveralProducts" time="52.892" classname="executionScript.TestCase011_BuySeveralProducts"/>
  <testcase name="testCase012_BuyAllProducts" time="78.528" classname="executionScript.TestCase012_BuyAllProducts"/>
</testsuite> <!-- Add to Carts -->
