<?xml version="1.0" encoding="UTF-8"?>
<!-- Generated by org.testng.reporters.JUnitXMLReporter -->
<testsuite hostname="VAIO" name="Browse Products" tests="12" failures="2" timestamp="21 Feb 2016 04:59:18 GMT" time="640.64" errors="0">
  <testcase name="testCase004_BrowseAccessoriesListView" time="136.921" classname="executionScript.TestCase004_BrowseAccessories">
    <failure type="org.openqa.selenium.TimeoutException" message="Timed out after 15 seconds waiting for visibility of [[FirefoxDriver: firefox on WINDOWS (21e01337-ad70-46bb-a555-44c3955c014b)] -&amp;gt; class name: pp_previous]
Build info: version: &amp;apos;2.52.0&amp;apos;, revision: &amp;apos;4c2593cfc3689a7fcd7be52549167e5ccc93ad28&amp;apos;, time: &amp;apos;2016-02-11 11:22:43&amp;apos;
System info: host: &amp;apos;VAIO&amp;apos;, ip: &amp;apos;192.168.1.68&amp;apos;, os.name: &amp;apos;Windows 8.1&amp;apos;, os.arch: &amp;apos;amd64&amp;apos;, os.version: &amp;apos;6.3&amp;apos;, java.version: &amp;apos;1.7.0_79&amp;apos;
Session ID: 21e01337-ad70-46bb-a555-44c3955c014b
Driver info: org.openqa.selenium.firefox.FirefoxDriver
Capabilities [{platform=WINDOWS, acceptSslCerts=true, javascriptEnabled=true, cssSelectorsEnabled=true, databaseEnabled=true, browserName=firefox, handlesAlerts=true, nativeEvents=false, webStorageEnabled=true, rotatable=false, locationContextEnabled=true, applicationCacheEnabled=true, takesScreenshot=true, version=44.0.2}]">
      <![CDATA[org.openqa.selenium.TimeoutException: Timed out after 15 seconds waiting for visibility of [[FirefoxDriver: firefox on WINDOWS (21e01337-ad70-46bb-a555-44c3955c014b)] -> class name: pp_previous]
Build info: version: '2.52.0', revision: '4c2593cfc3689a7fcd7be52549167e5ccc93ad28', time: '2016-02-11 11:22:43'
System info: host: 'VAIO', ip: '192.168.1.68', os.name: 'Windows 8.1', os.arch: 'amd64', os.version: '6.3', java.version: '1.7.0_79'
Session ID: 21e01337-ad70-46bb-a555-44c3955c014b
Driver info: org.openqa.selenium.firefox.FirefoxDriver
Capabilities [{platform=WINDOWS, acceptSslCerts=true, javascriptEnabled=true, cssSelectorsEnabled=true, databaseEnabled=true, browserName=firefox, handlesAlerts=true, nativeEvents=false, webStorageEnabled=true, rotatable=false, locationContextEnabled=true, applicationCacheEnabled=true, takesScreenshot=true, version=44.0.2}]
	at org.openqa.selenium.support.ui.WebDriverWait.timeoutException(WebDriverWait.java:80)
	at org.openqa.selenium.support.ui.FluentWait.until(FluentWait.java:261)
	at executionAction.AccessoriesPageListView_Action.viewProductImage(AccessoriesPageListView_Action.java:88)
	at executionScript.TestCase004_BrowseAccessories.testCase004_BrowseAccessoriesListView(TestCase004_BrowseAccessories.java:20)
... Removed 27 stack frames]]>
    </failure>
  </testcase> <!-- testCase004_BrowseAccessoriesListView -->
  <testcase name="testCase004_BrowseAccessoriesGridView" time="44.865" classname="executionScript.TestCase004_BrowseAccessories"/>
  <testcase name="testCase005_BrowseiMacsListView" time="42.678" classname="executionScript.TestCase005_BrowseiMacs"/>
  <testcase name="testCase005_BrowseiMacsGridView" time="21.017" classname="executionScript.TestCase005_BrowseiMacs"/>
  <testcase name="testCase006_BrowseiPadsListView" time="105.246" classname="executionScript.TestCase006_BrowseiPads">
    <failure type="org.openqa.selenium.TimeoutException" message="Timed out after 15 seconds waiting for visibility of [[FirefoxDriver: firefox on WINDOWS (de97a08b-7d09-4584-834e-7312ea816635)] -&amp;gt; class name: pp_previous]
Build info: version: &amp;apos;2.52.0&amp;apos;, revision: &amp;apos;4c2593cfc3689a7fcd7be52549167e5ccc93ad28&amp;apos;, time: &amp;apos;2016-02-11 11:22:43&amp;apos;
System info: host: &amp;apos;VAIO&amp;apos;, ip: &amp;apos;192.168.1.68&amp;apos;, os.name: &amp;apos;Windows 8.1&amp;apos;, os.arch: &amp;apos;amd64&amp;apos;, os.version: &amp;apos;6.3&amp;apos;, java.version: &amp;apos;1.7.0_79&amp;apos;
Session ID: de97a08b-7d09-4584-834e-7312ea816635
Driver info: org.openqa.selenium.firefox.FirefoxDriver
Capabilities [{platform=WINDOWS, acceptSslCerts=true, javascriptEnabled=true, cssSelectorsEnabled=true, databaseEnabled=true, browserName=firefox, handlesAlerts=true, nativeEvents=false, webStorageEnabled=true, rotatable=false, locationContextEnabled=true, applicationCacheEnabled=true, takesScreenshot=true, version=44.0.2}]">
      <![CDATA[org.openqa.selenium.TimeoutException: Timed out after 15 seconds waiting for visibility of [[FirefoxDriver: firefox on WINDOWS (de97a08b-7d09-4584-834e-7312ea816635)] -> class name: pp_previous]
Build info: version: '2.52.0', revision: '4c2593cfc3689a7fcd7be52549167e5ccc93ad28', time: '2016-02-11 11:22:43'
System info: host: 'VAIO', ip: '192.168.1.68', os.name: 'Windows 8.1', os.arch: 'amd64', os.version: '6.3', java.version: '1.7.0_79'
Session ID: de97a08b-7d09-4584-834e-7312ea816635
Driver info: org.openqa.selenium.firefox.FirefoxDriver
Capabilities [{platform=WINDOWS, acceptSslCerts=true, javascriptEnabled=true, cssSelectorsEnabled=true, databaseEnabled=true, browserName=firefox, handlesAlerts=true, nativeEvents=false, webStorageEnabled=true, rotatable=false, locationContextEnabled=true, applicationCacheEnabled=true, takesScreenshot=true, version=44.0.2}]
	at org.openqa.selenium.support.ui.WebDriverWait.timeoutException(WebDriverWait.java:80)
	at org.openqa.selenium.support.ui.FluentWait.until(FluentWait.java:261)
	at executionAction.iPadsPageListView_Action.viewProductImage(iPadsPageListView_Action.java:86)
	at executionScript.TestCase006_BrowseiPads.testCase006_BrowseiPadsListView(TestCase006_BrowseiPads.java:20)
... Removed 27 stack frames]]>
    </failure>
  </testcase> <!-- testCase006_BrowseiPadsListView -->
  <testcase name="testCase006_BrowseiPadsGridView" time="31.552" classname="executionScript.TestCase006_BrowseiPads"/>
  <testcase name="testCase007_BrowseiPhonesListView" time="76.396" classname="executionScript.TestCase007_BrowseiPhones"/>
  <testcase name="testCase007_BrowseiPhonesGridView" time="25.794" classname="executionScript.TestCase007_BrowseiPhones"/>
  <testcase name="testCase008_BrowseiPodsListView" time="45.411" classname="executionScript.TestCase008_BrowseiPods"/>
  <testcase name="testCase008_BrowseiPodsGridView" time="35.549" classname="executionScript.TestCase008_BrowseiPods"/>
  <testcase name="testCase009_BrowseMacBooksListView" time="49.456" classname="executionScript.TestCase009_BrowseMacBooks"/>
  <testcase name="testCase009_BrowseMacBooksGridView" time="25.731" classname="executionScript.TestCase009_BrowseMacBooks"/>
</testsuite> <!-- Browse Products -->
